mode: set
github.com/elkcityhazard/am-form/internal/forms/errors.go:6.44,8.2 1 0
github.com/elkcityhazard/am-form/internal/forms/errors.go:11.42,13.18 2 0
github.com/elkcityhazard/am-form/internal/forms/errors.go:13.18,15.3 1 0
github.com/elkcityhazard/am-form/internal/forms/errors.go:16.2,16.14 1 0
github.com/elkcityhazard/am-form/internal/forms/forms.go:15.33,20.2 1 0
github.com/elkcityhazard/am-form/internal/forms/forms.go:22.39,24.13 2 0
github.com/elkcityhazard/am-form/internal/forms/forms.go:24.13,26.3 1 0
github.com/elkcityhazard/am-form/internal/forms/forms.go:27.2,27.13 1 0
github.com/elkcityhazard/am-form/internal/forms/forms.go:30.43,31.31 1 0
github.com/elkcityhazard/am-form/internal/forms/forms.go:31.31,33.18 2 0
github.com/elkcityhazard/am-form/internal/forms/forms.go:33.18,35.4 1 0
github.com/elkcityhazard/am-form/internal/forms/forms.go:39.52,41.21 2 0
github.com/elkcityhazard/am-form/internal/forms/forms.go:41.21,43.3 1 0
github.com/elkcityhazard/am-form/internal/forms/forms.go:46.38,47.35 1 0
github.com/elkcityhazard/am-form/internal/forms/forms.go:47.35,50.3 2 0
github.com/elkcityhazard/am-form/internal/forms/forms.go:51.2,53.16 2 0
github.com/elkcityhazard/am-form/internal/forms/forms.go:53.16,55.3 1 0
github.com/elkcityhazard/am-form/internal/forms/forms.go:55.8,57.3 1 0
github.com/elkcityhazard/am-form/internal/forms/forms.go:61.61,62.68 1 0
github.com/elkcityhazard/am-form/internal/forms/forms.go:62.68,65.3 2 0
github.com/elkcityhazard/am-form/internal/forms/forms.go:68.29,70.2 1 0
github.com/elkcityhazard/am-form/internal/database/database.go:15.39,18.16 2 0
github.com/elkcityhazard/am-form/internal/database/database.go:18.16,20.3 1 0
github.com/elkcityhazard/am-form/internal/database/database.go:22.2,25.9 3 0
github.com/elkcityhazard/am-form/internal/database/database.go:28.35,30.2 1 0
github.com/elkcityhazard/am-form/internal/database/database.go:32.34,34.2 1 0
github.com/elkcityhazard/am-form/internal/handlers/am_form.go:16.66,18.18 1 0
github.com/elkcityhazard/am-form/internal/handlers/am_form.go:20.22,28.18 3 0
github.com/elkcityhazard/am-form/internal/handlers/am_form.go:28.18,31.4 2 0
github.com/elkcityhazard/am-form/internal/handlers/am_form.go:33.23,37.17 2 0
github.com/elkcityhazard/am-form/internal/handlers/am_form.go:37.17,40.4 2 0
github.com/elkcityhazard/am-form/internal/handlers/am_form.go:42.3,44.43 2 0
github.com/elkcityhazard/am-form/internal/handlers/am_form.go:44.43,47.4 2 0
github.com/elkcityhazard/am-form/internal/handlers/am_form.go:49.3,55.20 4 0
github.com/elkcityhazard/am-form/internal/handlers/am_form.go:55.20,65.19 4 0
github.com/elkcityhazard/am-form/internal/handlers/am_form.go:65.19,68.5 2 0
github.com/elkcityhazard/am-form/internal/handlers/am_form.go:69.4,69.10 1 0
github.com/elkcityhazard/am-form/internal/handlers/am_form.go:72.3,79.49 3 0
github.com/elkcityhazard/am-form/internal/handlers/am_form.go:79.49,82.4 2 0
github.com/elkcityhazard/am-form/internal/handlers/am_form.go:84.3,99.80 5 0
github.com/elkcityhazard/am-form/internal/handlers/handle_display_success.go:11.67,15.61 2 0
github.com/elkcityhazard/am-form/internal/handlers/handle_display_success.go:15.61,17.3 1 0
github.com/elkcityhazard/am-form/internal/handlers/handle_display_success.go:19.2,24.17 3 0
github.com/elkcityhazard/am-form/internal/handlers/handle_display_success.go:24.17,27.3 2 0
github.com/elkcityhazard/am-form/internal/handlers/handlers.go:7.39,9.2 1 0
github.com/elkcityhazard/am-form/templates/templates.go:9.31,11.2 1 0
github.com/elkcityhazard/am-form/static/static.go:9.31,11.2 1 0
github.com/elkcityhazard/am-form/internal/mailer/mailer.go:43.20,45.2 1 0
github.com/elkcityhazard/am-form/internal/mailer/mailer.go:47.112,48.6 1 0
github.com/elkcityhazard/am-form/internal/mailer/mailer.go:48.6,49.10 1 0
github.com/elkcityhazard/am-form/internal/mailer/mailer.go:50.29,52.49 2 0
github.com/elkcityhazard/am-form/internal/mailer/mailer.go:53.27,54.20 1 0
github.com/elkcityhazard/am-form/internal/mailer/mailer.go:56.25,58.10 2 0
github.com/elkcityhazard/am-form/internal/mailer/mailer.go:64.103,66.12 1 0
github.com/elkcityhazard/am-form/internal/mailer/mailer.go:66.12,70.17 2 0
github.com/elkcityhazard/am-form/internal/mailer/mailer.go:70.17,72.4 1 0
github.com/elkcityhazard/am-form/internal/mailer/mailer.go:74.3,78.17 3 0
github.com/elkcityhazard/am-form/internal/mailer/mailer.go:78.17,81.4 2 0
github.com/elkcityhazard/am-form/internal/mailer/mailer.go:83.3,87.17 3 0
github.com/elkcityhazard/am-form/internal/mailer/mailer.go:87.17,90.4 2 0
github.com/elkcityhazard/am-form/internal/mailer/mailer.go:92.3,96.17 3 0
github.com/elkcityhazard/am-form/internal/mailer/mailer.go:96.17,99.4 2 0
github.com/elkcityhazard/am-form/internal/mailer/mailer.go:101.3,111.17 8 0
github.com/elkcityhazard/am-form/internal/mailer/mailer.go:111.17,113.4 1 0
github.com/elkcityhazard/am-form/internal/mailer/mailer.go:117.2,121.16 3 0
github.com/elkcityhazard/am-form/internal/mailer/mailer.go:121.16,123.3 1 0
github.com/elkcityhazard/am-form/internal/mailer/mailer.go:125.2,125.12 1 0
github.com/elkcityhazard/am-form/internal/mailer/mailer.go:128.66,130.2 1 0
github.com/elkcityhazard/am-form/cmd/web/main.go:28.13,44.16 6 0
github.com/elkcityhazard/am-form/cmd/web/main.go:44.16,46.3 1 0
github.com/elkcityhazard/am-form/cmd/web/main.go:48.2,54.16 4 0
github.com/elkcityhazard/am-form/cmd/web/main.go:54.16,57.3 2 0
github.com/elkcityhazard/am-form/cmd/web/main.go:59.2,70.45 5 0
github.com/elkcityhazard/am-form/cmd/web/main.go:70.45,72.3 1 0
github.com/elkcityhazard/am-form/cmd/web/main.go:75.19,87.2 9 0
github.com/elkcityhazard/am-form/cmd/web/main.go:89.42,116.2 19 0
github.com/elkcityhazard/am-form/cmd/web/middleware.go:10.57,11.71 1 1
github.com/elkcityhazard/am-form/cmd/web/middleware.go:11.71,17.21 3 1
github.com/elkcityhazard/am-form/cmd/web/middleware.go:18.12,20.10 2 1
github.com/elkcityhazard/am-form/cmd/web/middleware.go:21.17,23.10 2 1
github.com/elkcityhazard/am-form/cmd/web/middleware.go:24.11,25.42 1 1
github.com/elkcityhazard/am-form/cmd/web/middleware.go:25.42,28.5 2 1
github.com/elkcityhazard/am-form/cmd/web/middleware.go:31.3,31.23 1 1
github.com/elkcityhazard/am-form/cmd/web/middleware.go:36.45,48.2 3 1
github.com/elkcityhazard/am-form/cmd/web/middleware.go:50.50,52.2 1 1
github.com/elkcityhazard/am-form/cmd/web/middleware.go:54.52,55.71 1 1
github.com/elkcityhazard/am-form/cmd/web/middleware.go:55.71,56.16 1 1
github.com/elkcityhazard/am-form/cmd/web/middleware.go:56.16,57.36 1 1
github.com/elkcityhazard/am-form/cmd/web/middleware.go:57.36,60.5 2 1
github.com/elkcityhazard/am-form/cmd/web/middleware.go:62.3,62.23 1 1
github.com/elkcityhazard/am-form/cmd/web/routes.go:11.28,21.16 4 1
github.com/elkcityhazard/am-form/cmd/web/routes.go:21.16,22.13 1 0
github.com/elkcityhazard/am-form/cmd/web/routes.go:25.2,25.22 1 1
github.com/elkcityhazard/am-form/cmd/web/routes.go:25.22,31.3 2 1
github.com/elkcityhazard/am-form/cmd/web/routes.go:31.8,34.3 1 1
github.com/elkcityhazard/am-form/cmd/web/routes.go:36.2,42.66 4 1
github.com/elkcityhazard/am-form/cmd/web/routes.go:46.59,49.15 2 1
github.com/elkcityhazard/am-form/cmd/web/routes.go:49.15,50.33 1 1
github.com/elkcityhazard/am-form/internal/database/database.go:15.39,18.16 2 0
github.com/elkcityhazard/am-form/internal/database/database.go:18.16,20.3 1 0
github.com/elkcityhazard/am-form/internal/database/database.go:22.2,25.9 3 0
github.com/elkcityhazard/am-form/internal/database/database.go:28.35,30.2 1 0
github.com/elkcityhazard/am-form/internal/database/database.go:32.34,34.2 1 0
github.com/elkcityhazard/am-form/internal/forms/errors.go:6.44,8.2 1 0
github.com/elkcityhazard/am-form/internal/forms/errors.go:11.42,13.18 2 0
github.com/elkcityhazard/am-form/internal/forms/errors.go:13.18,15.3 1 0
github.com/elkcityhazard/am-form/internal/forms/errors.go:16.2,16.14 1 0
github.com/elkcityhazard/am-form/internal/forms/forms.go:15.33,20.2 1 1
github.com/elkcityhazard/am-form/internal/forms/forms.go:22.39,24.13 2 0
github.com/elkcityhazard/am-form/internal/forms/forms.go:24.13,26.3 1 0
github.com/elkcityhazard/am-form/internal/forms/forms.go:27.2,27.13 1 0
github.com/elkcityhazard/am-form/internal/forms/forms.go:30.43,31.31 1 0
github.com/elkcityhazard/am-form/internal/forms/forms.go:31.31,33.18 2 0
github.com/elkcityhazard/am-form/internal/forms/forms.go:33.18,35.4 1 0
github.com/elkcityhazard/am-form/internal/forms/forms.go:39.52,41.21 2 0
github.com/elkcityhazard/am-form/internal/forms/forms.go:41.21,43.3 1 0
github.com/elkcityhazard/am-form/internal/forms/forms.go:46.38,47.35 1 0
github.com/elkcityhazard/am-form/internal/forms/forms.go:47.35,50.3 2 0
github.com/elkcityhazard/am-form/internal/forms/forms.go:51.2,53.16 2 0
github.com/elkcityhazard/am-form/internal/forms/forms.go:53.16,55.3 1 0
github.com/elkcityhazard/am-form/internal/forms/forms.go:55.8,57.3 1 0
github.com/elkcityhazard/am-form/internal/forms/forms.go:61.61,62.68 1 0
github.com/elkcityhazard/am-form/internal/forms/forms.go:62.68,65.3 2 0
github.com/elkcityhazard/am-form/internal/forms/forms.go:68.29,70.2 1 0
github.com/elkcityhazard/am-form/internal/handlers/am_form.go:16.66,18.18 1 1
github.com/elkcityhazard/am-form/internal/handlers/am_form.go:20.22,28.18 3 1
github.com/elkcityhazard/am-form/internal/handlers/am_form.go:28.18,31.4 2 0
github.com/elkcityhazard/am-form/internal/handlers/am_form.go:33.23,37.17 2 0
github.com/elkcityhazard/am-form/internal/handlers/am_form.go:37.17,40.4 2 0
github.com/elkcityhazard/am-form/internal/handlers/am_form.go:42.3,44.43 2 0
github.com/elkcityhazard/am-form/internal/handlers/am_form.go:44.43,47.4 2 0
github.com/elkcityhazard/am-form/internal/handlers/am_form.go:49.3,55.20 4 0
github.com/elkcityhazard/am-form/internal/handlers/am_form.go:55.20,65.19 4 0
github.com/elkcityhazard/am-form/internal/handlers/am_form.go:65.19,68.5 2 0
github.com/elkcityhazard/am-form/internal/handlers/am_form.go:69.4,69.10 1 0
github.com/elkcityhazard/am-form/internal/handlers/am_form.go:72.3,79.49 3 0
github.com/elkcityhazard/am-form/internal/handlers/am_form.go:79.49,82.4 2 0
github.com/elkcityhazard/am-form/internal/handlers/am_form.go:84.3,99.80 5 0
github.com/elkcityhazard/am-form/internal/handlers/handle_display_success.go:11.67,15.61 2 1
github.com/elkcityhazard/am-form/internal/handlers/handle_display_success.go:15.61,17.3 1 0
github.com/elkcityhazard/am-form/internal/handlers/handle_display_success.go:19.2,24.17 3 0
github.com/elkcityhazard/am-form/internal/handlers/handle_display_success.go:24.17,27.3 2 0
github.com/elkcityhazard/am-form/internal/handlers/handlers.go:7.39,9.2 1 0
github.com/elkcityhazard/am-form/internal/mailer/mailer.go:43.20,45.2 1 0
github.com/elkcityhazard/am-form/internal/mailer/mailer.go:47.112,48.6 1 0
github.com/elkcityhazard/am-form/internal/mailer/mailer.go:48.6,49.10 1 0
github.com/elkcityhazard/am-form/internal/mailer/mailer.go:50.29,52.49 2 0
github.com/elkcityhazard/am-form/internal/mailer/mailer.go:53.27,54.20 1 0
github.com/elkcityhazard/am-form/internal/mailer/mailer.go:56.25,58.10 2 0
github.com/elkcityhazard/am-form/internal/mailer/mailer.go:64.103,66.12 1 0
github.com/elkcityhazard/am-form/internal/mailer/mailer.go:66.12,70.17 2 0
github.com/elkcityhazard/am-form/internal/mailer/mailer.go:70.17,72.4 1 0
github.com/elkcityhazard/am-form/internal/mailer/mailer.go:74.3,78.17 3 0
github.com/elkcityhazard/am-form/internal/mailer/mailer.go:78.17,81.4 2 0
github.com/elkcityhazard/am-form/internal/mailer/mailer.go:83.3,87.17 3 0
github.com/elkcityhazard/am-form/internal/mailer/mailer.go:87.17,90.4 2 0
github.com/elkcityhazard/am-form/internal/mailer/mailer.go:92.3,96.17 3 0
github.com/elkcityhazard/am-form/internal/mailer/mailer.go:96.17,99.4 2 0
github.com/elkcityhazard/am-form/internal/mailer/mailer.go:101.3,111.17 8 0
github.com/elkcityhazard/am-form/internal/mailer/mailer.go:111.17,113.4 1 0
github.com/elkcityhazard/am-form/internal/mailer/mailer.go:117.2,121.16 3 0
github.com/elkcityhazard/am-form/internal/mailer/mailer.go:121.16,123.3 1 0
github.com/elkcityhazard/am-form/internal/mailer/mailer.go:125.2,125.12 1 0
github.com/elkcityhazard/am-form/internal/mailer/mailer.go:128.66,130.2 1 0
github.com/elkcityhazard/am-form/internal/render/render.go:25.39,27.2 1 0
github.com/elkcityhazard/am-form/internal/render/render.go:29.105,32.22 2 1
github.com/elkcityhazard/am-form/internal/render/render.go:32.22,34.3 1 0
github.com/elkcityhazard/am-form/internal/render/render.go:34.8,36.3 1 0
github.com/elkcityhazard/am-form/internal/render/render.go:38.2,40.9 2 0
github.com/elkcityhazard/am-form/internal/render/render.go:40.9,42.3 1 0
github.com/elkcityhazard/am-form/internal/render/render.go:44.2,50.16 4 0
github.com/elkcityhazard/am-form/internal/render/render.go:50.16,52.3 1 0
github.com/elkcityhazard/am-form/internal/render/render.go:54.2,55.12 2 0
github.com/elkcityhazard/am-form/internal/render/render.go:58.67,62.22 2 0
github.com/elkcityhazard/am-form/internal/render/render.go:62.22,67.17 3 0
github.com/elkcityhazard/am-form/internal/render/render.go:67.17,69.4 1 0
github.com/elkcityhazard/am-form/internal/render/render.go:70.3,70.30 1 0
github.com/elkcityhazard/am-form/internal/render/render.go:70.30,74.18 2 0
github.com/elkcityhazard/am-form/internal/render/render.go:74.18,77.5 1 0
github.com/elkcityhazard/am-form/internal/render/render.go:79.4,81.18 2 0
github.com/elkcityhazard/am-form/internal/render/render.go:81.18,83.5 1 0
github.com/elkcityhazard/am-form/internal/render/render.go:85.4,85.30 1 0
github.com/elkcityhazard/am-form/internal/render/render.go:85.30,86.42 1 0
github.com/elkcityhazard/am-form/internal/render/render.go:86.42,88.6 1 0
github.com/elkcityhazard/am-form/internal/render/render.go:91.4,93.18 2 0
github.com/elkcityhazard/am-form/internal/render/render.go:93.18,95.5 1 0
github.com/elkcityhazard/am-form/internal/render/render.go:97.4,97.31 1 0
github.com/elkcityhazard/am-form/internal/render/render.go:97.31,98.45 1 0
github.com/elkcityhazard/am-form/internal/render/render.go:98.45,100.6 1 0
github.com/elkcityhazard/am-form/internal/render/render.go:103.4,103.35 1 0
github.com/elkcityhazard/am-form/internal/render/render.go:106.3,106.26 1 0
github.com/elkcityhazard/am-form/internal/render/render.go:107.8,110.30 2 0
github.com/elkcityhazard/am-form/internal/render/render.go:110.30,116.18 3 0
github.com/elkcityhazard/am-form/internal/render/render.go:116.18,118.5 1 0
github.com/elkcityhazard/am-form/internal/render/render.go:120.4,122.18 2 0
github.com/elkcityhazard/am-form/internal/render/render.go:122.18,124.5 1 0
github.com/elkcityhazard/am-form/internal/render/render.go:126.4,126.30 1 0
github.com/elkcityhazard/am-form/internal/render/render.go:126.30,127.42 1 0
github.com/elkcityhazard/am-form/internal/render/render.go:127.42,130.20 2 0
github.com/elkcityhazard/am-form/internal/render/render.go:130.20,132.7 1 0
github.com/elkcityhazard/am-form/internal/render/render.go:136.4,138.18 2 0
github.com/elkcityhazard/am-form/internal/render/render.go:138.18,140.5 1 0
github.com/elkcityhazard/am-form/internal/render/render.go:142.4,142.32 1 0
github.com/elkcityhazard/am-form/internal/render/render.go:142.32,143.46 1 0
github.com/elkcityhazard/am-form/internal/render/render.go:143.46,146.20 2 0
github.com/elkcityhazard/am-form/internal/render/render.go:146.20,148.7 1 0
github.com/elkcityhazard/am-form/internal/render/render.go:152.4,152.28 1 0
github.com/elkcityhazard/am-form/internal/render/render.go:155.3,155.26 1 0
github.com/elkcityhazard/am-form/internal/render/render.go:160.92,170.2 6 0
github.com/elkcityhazard/am-form/internal/repository/dbrepo/dbrepo.go:23.45,29.2 3 0
github.com/elkcityhazard/am-form/internal/repository/dbrepo/dbrepo.go:32.26,34.2 1 0
github.com/elkcityhazard/am-form/internal/repository/dbrepo/dbrepo.go:37.59,45.12 5 0
github.com/elkcityhazard/am-form/internal/repository/dbrepo/dbrepo.go:45.12,52.17 4 0
github.com/elkcityhazard/am-form/internal/repository/dbrepo/dbrepo.go:52.17,56.4 3 0
github.com/elkcityhazard/am-form/internal/repository/dbrepo/dbrepo.go:58.3,60.17 2 0
github.com/elkcityhazard/am-form/internal/repository/dbrepo/dbrepo.go:60.17,62.28 1 0
github.com/elkcityhazard/am-form/internal/repository/dbrepo/dbrepo.go:62.28,72.19 3 0
github.com/elkcityhazard/am-form/internal/repository/dbrepo/dbrepo.go:72.19,76.6 3 0
github.com/elkcityhazard/am-form/internal/repository/dbrepo/dbrepo.go:78.5,78.24 1 0
github.com/elkcityhazard/am-form/internal/repository/dbrepo/dbrepo.go:83.3,85.17 2 0
github.com/elkcityhazard/am-form/internal/repository/dbrepo/dbrepo.go:85.17,89.4 3 0
github.com/elkcityhazard/am-form/internal/repository/dbrepo/dbrepo.go:91.3,93.17 2 0
github.com/elkcityhazard/am-form/internal/repository/dbrepo/dbrepo.go:93.17,97.4 3 0
github.com/elkcityhazard/am-form/internal/repository/dbrepo/dbrepo.go:99.3,101.19 3 0
github.com/elkcityhazard/am-form/internal/repository/dbrepo/dbrepo.go:105.2,105.36 1 0
github.com/elkcityhazard/am-form/internal/repository/dbrepo/dbrepo.go:105.36,107.3 1 0
github.com/elkcityhazard/am-form/internal/repository/dbrepo/dbrepo.go:107.8,109.3 1 0
github.com/elkcityhazard/am-form/internal/repository/dbrepo/dbrepo.go:116.63,126.12 5 0
github.com/elkcityhazard/am-form/internal/repository/dbrepo/dbrepo.go:126.12,135.17 6 0
github.com/elkcityhazard/am-form/internal/repository/dbrepo/dbrepo.go:135.17,140.4 3 0
github.com/elkcityhazard/am-form/internal/repository/dbrepo/dbrepo.go:142.3,144.17 2 0
github.com/elkcityhazard/am-form/internal/repository/dbrepo/dbrepo.go:144.17,148.4 3 0
github.com/elkcityhazard/am-form/internal/repository/dbrepo/dbrepo.go:150.3,152.17 2 0
github.com/elkcityhazard/am-form/internal/repository/dbrepo/dbrepo.go:152.17,156.4 3 0
github.com/elkcityhazard/am-form/internal/repository/dbrepo/dbrepo.go:158.3,162.29 4 0
github.com/elkcityhazard/am-form/internal/repository/dbrepo/dbrepo.go:166.2,166.36 1 0
github.com/elkcityhazard/am-form/internal/repository/dbrepo/dbrepo.go:166.36,168.3 1 0
github.com/elkcityhazard/am-form/internal/repository/dbrepo/dbrepo.go:168.8,170.3 1 0
github.com/elkcityhazard/am-form/static/static.go:9.31,11.2 1 1
github.com/elkcityhazard/am-form/templates/templates.go:9.31,11.2 1 0
github.com/elkcityhazard/am-form/internal/render/render.go:25.39,27.2 1 0
github.com/elkcityhazard/am-form/internal/render/render.go:29.105,32.22 2 0
github.com/elkcityhazard/am-form/internal/render/render.go:32.22,34.3 1 0
github.com/elkcityhazard/am-form/internal/render/render.go:34.8,36.3 1 0
github.com/elkcityhazard/am-form/internal/render/render.go:38.2,40.9 2 0
github.com/elkcityhazard/am-form/internal/render/render.go:40.9,42.3 1 0
github.com/elkcityhazard/am-form/internal/render/render.go:44.2,50.16 4 0
github.com/elkcityhazard/am-form/internal/render/render.go:50.16,52.3 1 0
github.com/elkcityhazard/am-form/internal/render/render.go:54.2,55.12 2 0
github.com/elkcityhazard/am-form/internal/render/render.go:58.67,62.22 2 0
github.com/elkcityhazard/am-form/internal/render/render.go:62.22,67.17 3 0
github.com/elkcityhazard/am-form/internal/render/render.go:67.17,69.4 1 0
github.com/elkcityhazard/am-form/internal/render/render.go:70.3,70.30 1 0
github.com/elkcityhazard/am-form/internal/render/render.go:70.30,74.18 2 0
github.com/elkcityhazard/am-form/internal/render/render.go:74.18,77.5 1 0
github.com/elkcityhazard/am-form/internal/render/render.go:79.4,81.18 2 0
github.com/elkcityhazard/am-form/internal/render/render.go:81.18,83.5 1 0
github.com/elkcityhazard/am-form/internal/render/render.go:85.4,85.30 1 0
github.com/elkcityhazard/am-form/internal/render/render.go:85.30,86.42 1 0
github.com/elkcityhazard/am-form/internal/render/render.go:86.42,88.6 1 0
github.com/elkcityhazard/am-form/internal/render/render.go:91.4,93.18 2 0
github.com/elkcityhazard/am-form/internal/render/render.go:93.18,95.5 1 0
github.com/elkcityhazard/am-form/internal/render/render.go:97.4,97.31 1 0
github.com/elkcityhazard/am-form/internal/render/render.go:97.31,98.45 1 0
github.com/elkcityhazard/am-form/internal/render/render.go:98.45,100.6 1 0
github.com/elkcityhazard/am-form/internal/render/render.go:103.4,103.35 1 0
github.com/elkcityhazard/am-form/internal/render/render.go:106.3,106.26 1 0
github.com/elkcityhazard/am-form/internal/render/render.go:107.8,110.30 2 0
github.com/elkcityhazard/am-form/internal/render/render.go:110.30,116.18 3 0
github.com/elkcityhazard/am-form/internal/render/render.go:116.18,118.5 1 0
github.com/elkcityhazard/am-form/internal/render/render.go:120.4,122.18 2 0
github.com/elkcityhazard/am-form/internal/render/render.go:122.18,124.5 1 0
github.com/elkcityhazard/am-form/internal/render/render.go:126.4,126.30 1 0
github.com/elkcityhazard/am-form/internal/render/render.go:126.30,127.42 1 0
github.com/elkcityhazard/am-form/internal/render/render.go:127.42,130.20 2 0
github.com/elkcityhazard/am-form/internal/render/render.go:130.20,132.7 1 0
github.com/elkcityhazard/am-form/internal/render/render.go:136.4,138.18 2 0
github.com/elkcityhazard/am-form/internal/render/render.go:138.18,140.5 1 0
github.com/elkcityhazard/am-form/internal/render/render.go:142.4,142.32 1 0
github.com/elkcityhazard/am-form/internal/render/render.go:142.32,143.46 1 0
github.com/elkcityhazard/am-form/internal/render/render.go:143.46,146.20 2 0
github.com/elkcityhazard/am-form/internal/render/render.go:146.20,148.7 1 0
github.com/elkcityhazard/am-form/internal/render/render.go:152.4,152.28 1 0
github.com/elkcityhazard/am-form/internal/render/render.go:155.3,155.26 1 0
github.com/elkcityhazard/am-form/internal/render/render.go:160.92,170.2 6 0
github.com/elkcityhazard/am-form/internal/repository/dbrepo/dbrepo.go:23.45,29.2 3 0
github.com/elkcityhazard/am-form/internal/repository/dbrepo/dbrepo.go:32.26,34.2 1 0
github.com/elkcityhazard/am-form/internal/repository/dbrepo/dbrepo.go:37.59,45.12 5 0
github.com/elkcityhazard/am-form/internal/repository/dbrepo/dbrepo.go:45.12,52.17 4 0
github.com/elkcityhazard/am-form/internal/repository/dbrepo/dbrepo.go:52.17,56.4 3 0
github.com/elkcityhazard/am-form/internal/repository/dbrepo/dbrepo.go:58.3,60.17 2 0
github.com/elkcityhazard/am-form/internal/repository/dbrepo/dbrepo.go:60.17,62.28 1 0
github.com/elkcityhazard/am-form/internal/repository/dbrepo/dbrepo.go:62.28,72.19 3 0
github.com/elkcityhazard/am-form/internal/repository/dbrepo/dbrepo.go:72.19,76.6 3 0
github.com/elkcityhazard/am-form/internal/repository/dbrepo/dbrepo.go:78.5,78.24 1 0
github.com/elkcityhazard/am-form/internal/repository/dbrepo/dbrepo.go:83.3,85.17 2 0
github.com/elkcityhazard/am-form/internal/repository/dbrepo/dbrepo.go:85.17,89.4 3 0
github.com/elkcityhazard/am-form/internal/repository/dbrepo/dbrepo.go:91.3,93.17 2 0
github.com/elkcityhazard/am-form/internal/repository/dbrepo/dbrepo.go:93.17,97.4 3 0
github.com/elkcityhazard/am-form/internal/repository/dbrepo/dbrepo.go:99.3,101.19 3 0
github.com/elkcityhazard/am-form/internal/repository/dbrepo/dbrepo.go:105.2,105.36 1 0
github.com/elkcityhazard/am-form/internal/repository/dbrepo/dbrepo.go:105.36,107.3 1 0
github.com/elkcityhazard/am-form/internal/repository/dbrepo/dbrepo.go:107.8,109.3 1 0
github.com/elkcityhazard/am-form/internal/repository/dbrepo/dbrepo.go:116.63,126.12 5 0
github.com/elkcityhazard/am-form/internal/repository/dbrepo/dbrepo.go:126.12,135.17 6 0
github.com/elkcityhazard/am-form/internal/repository/dbrepo/dbrepo.go:135.17,140.4 3 0
github.com/elkcityhazard/am-form/internal/repository/dbrepo/dbrepo.go:142.3,144.17 2 0
github.com/elkcityhazard/am-form/internal/repository/dbrepo/dbrepo.go:144.17,148.4 3 0
github.com/elkcityhazard/am-form/internal/repository/dbrepo/dbrepo.go:150.3,152.17 2 0
github.com/elkcityhazard/am-form/internal/repository/dbrepo/dbrepo.go:152.17,156.4 3 0
github.com/elkcityhazard/am-form/internal/repository/dbrepo/dbrepo.go:158.3,162.29 4 0
github.com/elkcityhazard/am-form/internal/repository/dbrepo/dbrepo.go:166.2,166.36 1 0
github.com/elkcityhazard/am-form/internal/repository/dbrepo/dbrepo.go:166.36,168.3 1 0
github.com/elkcityhazard/am-form/internal/repository/dbrepo/dbrepo.go:168.8,170.3 1 0
